<?xml version="1.0" encoding="UTF-8"?>
<testng-results skipped="0" failed="0" ignored="0" total="1" passed="1">
  <reporter-output>
  </reporter-output>
  <suite name="Suite" duration-ms="126" started-at="2019-04-01T11:57:59Z" finished-at="2019-04-01T11:57:59Z">
    <groups>
    </groups>
    <test name="Test" duration-ms="126" started-at="2019-04-01T11:57:59Z" finished-at="2019-04-01T11:57:59Z">
      <class name="org.testng.class1">
        <test-method status="PASS" signature="demo1(java.lang.String)[pri:0, instance:org.testng.class1@17ed40e0]" name="demo1" duration-ms="31" started-at="2019-04-01T11:57:59Z" finished-at="2019-04-01T11:57:59Z">
          <params>
            <param index="0">
              <value>
                <![CDATA[kriti]]>
              </value>
            </param>
          </params>
          <reporter-output>
          </reporter-output>
        </test-method> <!-- demo1 -->
      </class> <!-- org.testng.class1 -->
    </test> <!-- Test -->
  </suite> <!-- Suite -->
</testng-results>
